<?xml version="1.0" encoding="UTF-8"?>
<coverage generated="1611185279913" clover="3.2.0">
  <project timestamp="1611185279913" name="All files">
    <metrics statements="26" coveredstatements="26" conditionals="14" coveredconditionals="14" methods="1" coveredmethods="1" elements="41" coveredelements="41" complexity="0" loc="26" ncloc="26" packages="1" files="1" classes="1"/>
    <file name="index.ts" path="/home/meireles/development/personal/studies/learning-repo/Javascript/Testing/practice/src/index.ts">
      <metrics statements="26" coveredstatements="26" conditionals="14" coveredconditionals="14" methods="1" coveredmethods="1"/>
      <line num="1" count="1" type="stmt"/>
      <line num="3" count="1" type="stmt"/>
      <line num="4" count="11" type="cond" truecount="2" falsecount="0"/>
      <line num="5" count="1" type="stmt"/>
      <line num="8" count="10" type="stmt"/>
      <line num="16" count="10" type="stmt"/>
      <line num="20" count="10" type="stmt"/>
      <line num="21" count="10" type="stmt"/>
      <line num="22" count="10" type="stmt"/>
      <line num="24" count="10" type="stmt"/>
      <line num="25" count="90" type="cond" truecount="4" falsecount="0"/>
      <line num="26" count="18" type="stmt"/>
      <line num="28" count="90" type="cond" truecount="2" falsecount="0"/>
      <line num="29" count="21" type="stmt"/>
      <line num="30" count="21" type="stmt"/>
      <line num="32" count="69" type="cond" truecount="4" falsecount="0"/>
      <line num="33" count="51" type="stmt"/>
      <line num="37" count="10" type="stmt"/>
      <line num="38" count="10" type="stmt"/>
      <line num="40" count="10" type="stmt"/>
      <line num="42" count="10" type="cond" truecount="2" falsecount="0"/>
      <line num="43" count="6" type="stmt"/>
      <line num="46" count="4" type="stmt"/>
      <line num="50" count="1" type="stmt"/>
      <line num="51" count="1" type="stmt"/>
      <line num="52" count="1" type="stmt"/>
    </file>
  </project>
</coverage>
