{"/home/meireles/development/personal/studies/learning-repo/Javascript/Testing/practice/src/index.ts": {"path":"/home/meireles/development/personal/studies/learning-repo/Javascript/Testing/practice/src/index.ts","statementMap":{"0":{"start":{"line":1,"column":0},"end":{"line":1,"column":42}},"1":{"start":{"line":4,"column":4},"end":{"line":6,"column":null}},"2":{"start":{"line":5,"column":8},"end":{"line":5,"column":21}},"3":{"start":{"line":8,"column":25},"end":{"line":11,"column":18}},"4":{"start":{"line":13,"column":24},"end":{"line":13,"column":26}},"5":{"start":{"line":14,"column":20},"end":{"line":14,"column":22}},"6":{"start":{"line":15,"column":24},"end":{"line":15,"column":28}},"7":{"start":{"line":17,"column":4},"end":{"line":28,"column":null}},"8":{"start":{"line":18,"column":8},"end":{"line":20,"column":null}},"9":{"start":{"line":19,"column":12},"end":{"line":19,"column":34}},"10":{"start":{"line":21,"column":8},"end":{"line":24,"column":null}},"11":{"start":{"line":22,"column":12},"end":{"line":22,"column":null}},"12":{"start":{"line":23,"column":12},"end":{"line":23,"column":21}},"13":{"start":{"line":25,"column":8},"end":{"line":27,"column":null}},"14":{"start":{"line":26,"column":12},"end":{"line":26,"column":null}},"15":{"start":{"line":30,"column":29},"end":{"line":30,"column":49}},"16":{"start":{"line":31,"column":28},"end":{"line":31,"column":44}},"17":{"start":{"line":33,"column":23},"end":{"line":33,"column":75}},"18":{"start":{"line":35,"column":4},"end":{"line":37,"column":null}},"19":{"start":{"line":36,"column":8},"end":{"line":36,"column":null}},"20":{"start":{"line":39,"column":4},"end":{"line":39,"column":null}},"21":{"start":{"line":3,"column":0},"end":{"line":3,"column":16}},"22":{"start":{"line":43,"column":0},"end":{"line":43,"column":null}},"23":{"start":{"line":44,"column":0},"end":{"line":44,"column":null}},"24":{"start":{"line":45,"column":0},"end":{"line":45,"column":null}}},"fnMap":{"0":{"name":"parseValue","decl":{"start":{"line":3,"column":16},"end":{"line":3,"column":26}},"loc":{"start":{"line":3,"column":37},"end":{"line":41,"column":1}}}},"branchMap":{"0":{"loc":{"start":{"line":4,"column":4},"end":{"line":6,"column":null}},"type":"if","locations":[{"start":{"line":4,"column":4},"end":{"line":6,"column":null}},{"start":{"line":4,"column":4},"end":{"line":6,"column":null}}]},"1":{"loc":{"start":{"line":18,"column":8},"end":{"line":20,"column":null}},"type":"if","locations":[{"start":{"line":18,"column":8},"end":{"line":20,"column":null}},{"start":{"line":18,"column":8},"end":{"line":20,"column":null}}]},"2":{"loc":{"start":{"line":18,"column":12},"end":{"line":18,"column":26}},"type":"binary-expr","locations":[{"start":{"line":18,"column":12},"end":{"line":18,"column":26}},{"start":{"line":18,"column":30},"end":{"line":18,"column":44}}]},"3":{"loc":{"start":{"line":21,"column":8},"end":{"line":24,"column":null}},"type":"if","locations":[{"start":{"line":21,"column":8},"end":{"line":24,"column":null}},{"start":{"line":21,"column":8},"end":{"line":24,"column":null}}]},"4":{"loc":{"start":{"line":25,"column":8},"end":{"line":27,"column":null}},"type":"if","locations":[{"start":{"line":25,"column":8},"end":{"line":27,"column":null}},{"start":{"line":25,"column":8},"end":{"line":27,"column":null}}]},"5":{"loc":{"start":{"line":25,"column":12},"end":{"line":25,"column":26}},"type":"binary-expr","locations":[{"start":{"line":25,"column":12},"end":{"line":25,"column":26}},{"start":{"line":25,"column":30},"end":{"line":25,"column":44}}]},"6":{"loc":{"start":{"line":35,"column":4},"end":{"line":37,"column":null}},"type":"if","locations":[{"start":{"line":35,"column":4},"end":{"line":37,"column":null}},{"start":{"line":35,"column":4},"end":{"line":37,"column":null}}]}},"s":{"0":1,"1":18,"2":1,"3":17,"4":17,"5":17,"6":17,"7":17,"8":146,"9":31,"10":146,"11":41,"12":41,"13":105,"14":74,"15":17,"16":17,"17":17,"18":17,"19":8,"20":9,"21":1,"22":1,"23":1,"24":1},"f":{"0":18},"b":{"0":[1,17],"1":[31,115],"2":[146,132],"3":[41,105],"4":[74,31],"5":[105,88],"6":[8,9]}}
}
