TN:
SF:src/index.ts
FN:3,parseValue
FNF:1
FNH:1
FNDA:18,parseValue
DA:1,1
DA:3,1
DA:4,18
DA:5,1
DA:8,17
DA:13,17
DA:14,17
DA:15,17
DA:17,17
DA:18,146
DA:19,31
DA:21,146
DA:22,41
DA:23,41
DA:25,105
DA:26,74
DA:30,17
DA:31,17
DA:33,17
DA:35,17
DA:36,8
DA:39,9
DA:43,1
DA:44,1
DA:45,1
LF:25
LH:25
BRDA:4,0,0,1
BRDA:4,0,1,17
BRDA:18,1,0,31
BRDA:18,1,1,115
BRDA:18,2,0,146
BRDA:18,2,1,132
BRDA:21,3,0,41
BRDA:21,3,1,105
BRDA:25,4,0,74
BRDA:25,4,1,31
BRDA:25,5,0,105
BRDA:25,5,1,88
BRDA:35,6,0,8
BRDA:35,6,1,9
BRF:14
BRH:14
end_of_record
