TN:
SF:src/index.ts
FN:3,parseValue
FNF:1
FNH:1
FNDA:10,parseValue
DA:1,1
DA:3,1
DA:4,10
DA:5,1
DA:8,9
DA:16,9
DA:20,9
DA:21,9
DA:22,9
DA:24,9
DA:25,74
DA:26,17
DA:28,74
DA:29,18
DA:30,18
DA:32,56
DA:33,39
DA:37,9
DA:38,9
DA:40,9
DA:42,9
DA:43,9
DA:46,0
DA:50,1
DA:51,1
DA:52,1
LF:26
LH:25
BRDA:4,0,0,1
BRDA:4,0,1,9
BRDA:25,1,0,17
BRDA:25,1,1,57
BRDA:25,2,0,74
BRDA:25,2,1,67
BRDA:28,3,0,18
BRDA:28,3,1,56
BRDA:32,4,0,39
BRDA:32,4,1,17
BRDA:32,5,0,56
BRDA:32,5,1,46
BRDA:42,6,0,9
BRDA:42,6,1,0
BRF:14
BRH:13
end_of_record
TN:
SF:src/util.ts
FN:5,(anonymous_0)
FN:6,(anonymous_1)
FNF:2
FNH:2
FNDA:9,(anonymous_0)
FNDA:9,(anonymous_1)
DA:2,1
DA:4,1
DA:5,9
DA:6,9
DA:11,1
DA:12,1
LF:6
LH:6
BRF:0
BRH:0
end_of_record
